# JRE version: OpenJDK Runtime Environment Temurin-17.0.6+10 (17.0.6+10) (build 17.0.6+10)
# Java VM: OpenJDK 64-Bit Server VM Temurin-17.0.6+10 (17.0.6+10, mixed mode, sharing, tiered, compressed oops, compressed class ptrs, g1 gc, linux-amd64)
Heap:
 garbage-first heap   total 286720K, used 64043K [0x000000060c000000, 0x0000000800000000)
  region size 4096K, 7 young (28672K), 1 survivors (4096K)
 Metaspace       used 23313K, committed 23552K, reserved 1073152K
  class space    used 2389K, committed 2496K, reserved 1048576K
GC Heap History (16 events):
Event: 1.486 GC heap before
{Heap before GC invocations=0 (full 0):
 garbage-first heap   total 520192K, used 20448K [0x000000060c000000, 0x0000000800000000)
  region size 4096K, 5 young (20480K), 0 survivors (0K)
 Metaspace       used 14414K, committed 14656K, reserved 1064960K
  class space    used 1631K, committed 1728K, reserved 1048576K
}
Event: 1.497 GC heap after
{Heap after GC invocations=1 (full 1):
 garbage-first heap   total 98304K, used 9687K [0x000000060c000000, 0x0000000800000000)
  region size 4096K, 0 young (0K), 0 survivors (0K)
 Metaspace       used 14414K, committed 14656K, reserved 1064960K
  class space    used 1631K, committed 1728K, reserved 1048576K
}
Event: 1.497 GC heap before
{Heap before GC invocations=1 (full 1):
 garbage-first heap   total 98304K, used 9687K [0x000000060c000000, 0x0000000800000000)
  region size 4096K, 0 young (0K), 0 survivors (0K)
 Metaspace       used 14414K, committed 14656K, reserved 1064960K
  class space    used 1631K, committed 1728K, reserved 1048576K
}
Event: 1.507 GC heap after
{Heap after GC invocations=2 (full 2):
 garbage-first heap   total 57344K, used 9687K [0x000000060c000000, 0x0000000800000000)
  region size 4096K, 0 young (0K), 0 survivors (0K)
 Metaspace       used 14414K, committed 14656K, reserved 1064960K
  class space    used 1631K, committed 1728K, reserved 1048576K
}
Event: 2.459 GC heap before
{Heap before GC invocations=2 (full 2):
 garbage-first heap   total 57344K, used 17879K [0x000000060c000000, 0x0000000800000000)
  region size 4096K, 3 young (12288K), 0 survivors (0K)
 Metaspace       used 18760K, committed 19072K, reserved 1073152K
  class space    used 1975K, committed 2112K, reserved 1048576K
}
Event: 2.461 GC heap after
{Heap after GC invocations=3 (full 2):
 garbage-first heap   total 57344K, used 11724K [0x000000060c000000, 0x0000000800000000)
  region size 4096K, 1 young (4096K), 1 survivors (4096K)
 Metaspace       used 18760K, committed 19072K, reserved 1073152K
  class space    used 1975K, committed 2112K, reserved 1048576K
}
Event: 2.581 GC heap before
{Heap before GC invocations=3 (full 2):
 garbage-first heap   total 57344K, used 19916K [0x000000060c000000, 0x0000000800000000)
  region size 4096K, 4 young (16384K), 1 survivors (4096K)
 Metaspace       used 21081K, committed 21312K, reserved 1073152K
  class space    used 2198K, committed 2304K, reserved 1048576K
}
Event: 2.582 GC heap after
{Heap after GC invocations=4 (full 2):
 garbage-first heap   total 57344K, used 11983K [0x000000060c000000, 0x0000000800000000)
  region size 4096K, 1 young (4096K), 1 survivors (4096K)
 Metaspace       used 21081K, committed 21312K, reserved 1073152K
  class space    used 2198K, committed 2304K, reserved 1048576K
}
Event: 2.650 GC heap before
{Heap before GC invocations=4 (full 2):
 garbage-first heap   total 57344K, used 20175K [0x000000060c000000, 0x0000000800000000)
  region size 4096K, 2 young (8192K), 1 survivors (4096K)
 Metaspace       used 21463K, committed 21760K, reserved 1073152K
  class space    used 2229K, committed 2368K, reserved 1048576K
}
Event: 2.651 GC heap after
{Heap after GC invocations=5 (full 2):
 garbage-first heap   total 57344K, used 12389K [0x000000060c000000, 0x0000000800000000)
  region size 4096K, 1 young (4096K), 1 survivors (4096K)
 Metaspace       used 21463K, committed 21760K, reserved 1073152K
  class space    used 2229K, committed 2368K, reserved 1048576K
}
Event: 2.698 GC heap before
{Heap before GC invocations=5 (full 2):
 garbage-first heap   total 57344K, used 24677K [0x000000060c000000, 0x0000000800000000)
  region size 4096K, 4 young (16384K), 1 survivors (4096K)
 Metaspace       used 21557K, committed 21824K, reserved 1073152K
  class space    used 2235K, committed 2368K, reserved 1048576K
}
Event: 2.699 GC heap after
{Heap after GC invocations=6 (full 2):
 garbage-first heap   total 57344K, used 14116K [0x000000060c000000, 0x0000000800000000)
  region size 4096K, 1 young (4096K), 1 survivors (4096K)
 Metaspace       used 21557K, committed 21824K, reserved 1073152K
  class space    used 2235K, committed 2368K, reserved 1048576K
}
Event: 2.700 GC heap before
{Heap before GC invocations=6 (full 2):
 garbage-first heap   total 57344K, used 18212K [0x000000060c000000, 0x0000000800000000)
  region size 4096K, 1 young (4096K), 1 survivors (4096K)
 Metaspace       used 21557K, committed 21824K, reserved 1073152K
  class space    used 2235K, committed 2368K, reserved 1048576K
}
Event: 2.701 GC heap after
{Heap after GC invocations=7 (full 2):
 garbage-first heap   total 57344K, used 16550K [0x000000060c000000, 0x0000000800000000)
  region size 4096K, 1 young (4096K), 1 survivors (4096K)
 Metaspace       used 21557K, committed 21824K, reserved 1073152K
  class space    used 2235K, committed 2368K, reserved 1048576K
}
Event: 2.704 GC heap before
{Heap before GC invocations=7 (full 2):
 garbage-first heap   total 57344K, used 24742K [0x000000060c000000, 0x0000000800000000)
  region size 4096K, 1 young (4096K), 1 survivors (4096K)
 Metaspace       used 21557K, committed 21824K, reserved 1073152K
  class space    used 2235K, committed 2368K, reserved 1048576K
}
Event: 2.705 GC heap after
{Heap after GC invocations=8 (full 2):
 garbage-first heap   total 286720K, used 20562K [0x000000060c000000, 0x0000000800000000)
  region size 4096K, 1 young (4096K), 1 survivors (4096K)
 Metaspace       used 21557K, committed 21824K, reserved 1073152K
  class space    used 2235K, committed 2368K, reserved 1048576K
}

